Determining if the pthread_create exist failed with the following output:
Change Dir: /home/aibo/catkin_ws_gao/src/ORBSLAM2_with_pointcloud_map/orbslam2_modified/ORB_SLAM2_modified/Examples/ROS/ORB_SLAM21/build/CMakeFiles/CMakeTmp

Run Build Command:"/usr/bin/make" "cmTC_763c6/fast"
/usr/bin/make -f CMakeFiles/cmTC_763c6.dir/build.make CMakeFiles/cmTC_763c6.dir/build
make[1]: Entering directory '/home/aibo/catkin_ws_gao/src/ORBSLAM2_with_pointcloud_map/orbslam2_modified/ORB_SLAM2_modified/Examples/ROS/ORB_SLAM21/build/CMakeFiles/CMakeTmp'
Building C object CMakeFiles/cmTC_763c6.dir/CheckSymbolExists.c.o
/usr/bin/cc    -o CMakeFiles/cmTC_763c6.dir/CheckSymbolExists.c.o   -c /home/aibo/catkin_ws_gao/src/ORBSLAM2_with_pointcloud_map/orbslam2_modified/ORB_SLAM2_modified/Examples/ROS/ORB_SLAM21/build/CMakeFiles/CMakeTmp/CheckSymbolExists.c
Linking C executable cmTC_763c6
/usr/bin/cmake -E cmake_link_script CMakeFiles/cmTC_763c6.dir/link.txt --verbose=1
/usr/bin/cc      -rdynamic CMakeFiles/cmTC_763c6.dir/CheckSymbolExists.c.o  -o cmTC_763c6 
CMakeFiles/cmTC_763c6.dir/CheckSymbolExists.c.o: In function `main':
CheckSymbolExists.c:(.text+0x1b): undefined reference to `pthread_create'
collect2: error: ld returned 1 exit status
CMakeFiles/cmTC_763c6.dir/build.make:97: recipe for target 'cmTC_763c6' failed
make[1]: *** [cmTC_763c6] Error 1
make[1]: Leaving directory '/home/aibo/catkin_ws_gao/src/ORBSLAM2_with_pointcloud_map/orbslam2_modified/ORB_SLAM2_modified/Examples/ROS/ORB_SLAM21/build/CMakeFiles/CMakeTmp'
Makefile:126: recipe for target 'cmTC_763c6/fast' failed
make: *** [cmTC_763c6/fast] Error 2

File /home/aibo/catkin_ws_gao/src/ORBSLAM2_with_pointcloud_map/orbslam2_modified/ORB_SLAM2_modified/Examples/ROS/ORB_SLAM21/build/CMakeFiles/CMakeTmp/CheckSymbolExists.c:
/* */
#include <pthread.h>

int main(int argc, char** argv)
{
  (void)argv;
#ifndef pthread_create
  return ((int*)(&pthread_create))[argc];
#else
  (void)argc;
  return 0;
#endif
}

Determining if the function pthread_create exists in the pthreads failed with the following output:
Change Dir: /home/aibo/catkin_ws_gao/src/ORBSLAM2_with_pointcloud_map/orbslam2_modified/ORB_SLAM2_modified/Examples/ROS/ORB_SLAM21/build/CMakeFiles/CMakeTmp

Run Build Command:"/usr/bin/make" "cmTC_40d4f/fast"
/usr/bin/make -f CMakeFiles/cmTC_40d4f.dir/build.make CMakeFiles/cmTC_40d4f.dir/build
make[1]: Entering directory '/home/aibo/catkin_ws_gao/src/ORBSLAM2_with_pointcloud_map/orbslam2_modified/ORB_SLAM2_modified/Examples/ROS/ORB_SLAM21/build/CMakeFiles/CMakeTmp'
Building C object CMakeFiles/cmTC_40d4f.dir/CheckFunctionExists.c.o
/usr/bin/cc   -DCHECK_FUNCTION_EXISTS=pthread_create   -o CMakeFiles/cmTC_40d4f.dir/CheckFunctionExists.c.o   -c /usr/share/cmake-3.10/Modules/CheckFunctionExists.c
Linking C executable cmTC_40d4f
/usr/bin/cmake -E cmake_link_script CMakeFiles/cmTC_40d4f.dir/link.txt --verbose=1
/usr/bin/cc  -DCHECK_FUNCTION_EXISTS=pthread_create    -rdynamic CMakeFiles/cmTC_40d4f.dir/CheckFunctionExists.c.o  -o cmTC_40d4f -lpthreads 
/usr/bin/ld: cannot find -lpthreads
collect2: error: ld returned 1 exit status
CMakeFiles/cmTC_40d4f.dir/build.make:97: recipe for target 'cmTC_40d4f' failed
make[1]: *** [cmTC_40d4f] Error 1
make[1]: Leaving directory '/home/aibo/catkin_ws_gao/src/ORBSLAM2_with_pointcloud_map/orbslam2_modified/ORB_SLAM2_modified/Examples/ROS/ORB_SLAM21/build/CMakeFiles/CMakeTmp'
Makefile:126: recipe for target 'cmTC_40d4f/fast' failed
make: *** [cmTC_40d4f/fast] Error 2


